<?xml version="1.0" encoding="UTF-8"?>
<!-- Generated by org.testng.reporters.JUnitReportReporter -->
<testsuite hostname="Pranalipc" name="desiredCapabilitiesClass.SeleniumGridConcept" tests="1" failures="0" timestamp="15 Sep 2019 16:47:53 GMT" time="26.348" errors="0">
  <testcase name="enterUrl" time="26.348" classname="desiredCapabilitiesClass.SeleniumGridConcept"/>
</testsuite> <!-- desiredCapabilitiesClass.SeleniumGridConcept -->
